# JRE version: Java(TM) SE Runtime Environment (8.0_251-b08) (build 1.8.0_251-b08)
# Java VM: Java HotSpot(TM) 64-Bit Server VM (25.251-b08 mixed mode windows-amd64 compressed oops)
Heap:
 PSYoungGen      total 38400K, used 27717K [0x00000000d5980000, 0x00000000d8400000, 0x0000000100000000)
  eden space 33280K, 83% used [0x00000000d5980000,0x00000000d7491720,0x00000000d7a00000)
  from space 5120K, 0% used [0x00000000d7f00000,0x00000000d7f00000,0x00000000d8400000)
  to   space 5120K, 0% used [0x00000000d7a00000,0x00000000d7a00000,0x00000000d7f00000)
 ParOldGen       total 59904K, used 6007K [0x0000000080c00000, 0x0000000084680000, 0x00000000d5980000)
  object space 59904K, 10% used [0x0000000080c00000,0x00000000811ddf98,0x0000000084680000)
 Metaspace       used 14438K, capacity 14748K, committed 15104K, reserved 1064960K
  class space    used 1807K, capacity 1914K, committed 2048K, reserved 1048576K
GC Heap History (6 events):
Event: 0.434 GC heap before
{Heap before GC invocations=1 (full 0):
 PSYoungGen      total 38400K, used 33280K [0x00000000d5980000, 0x00000000d8400000, 0x0000000100000000)
  eden space 33280K, 100% used [0x00000000d5980000,0x00000000d7a00000,0x00000000d7a00000)
  from space 5120K, 0% used [0x00000000d7f00000,0x00000000d7f00000,0x00000000d8400000)
  to   space 5120K, 0% used [0x00000000d7a00000,0x00000000d7a00000,0x00000000d7f00000)
 ParOldGen       total 87552K, used 0K [0x0000000080c00000, 0x0000000086180000, 0x00000000d5980000)
  object space 87552K, 0% used [0x0000000080c00000,0x0000000080c00000,0x0000000086180000)
 Metaspace       used 8222K, capacity 8430K, committed 8576K, reserved 1056768K
  class space    used 1027K, capacity 1085K, committed 1152K, reserved 1048576K
Event: 0.438 GC heap after
Heap after GC invocations=1 (full 0):
 PSYoungGen      total 38400K, used 5092K [0x00000000d5980000, 0x00000000d8400000, 0x0000000100000000)
  eden space 33280K, 0% used [0x00000000d5980000,0x00000000d5980000,0x00000000d7a00000)
  from space 5120K, 99% used [0x00000000d7a00000,0x00000000d7ef9080,0x00000000d7f00000)
  to   space 5120K, 0% used [0x00000000d7f00000,0x00000000d7f00000,0x00000000d8400000)
 ParOldGen       total 87552K, used 346K [0x0000000080c00000, 0x0000000086180000, 0x00000000d5980000)
  object space 87552K, 0% used [0x0000000080c00000,0x0000000080c56a48,0x0000000086180000)
 Metaspace       used 8222K, capacity 8430K, committed 8576K, reserved 1056768K
  class space    used 1027K, capacity 1085K, committed 1152K, reserved 1048576K
}
Event: 0.657 GC heap before
{Heap before GC invocations=2 (full 0):
 PSYoungGen      total 38400K, used 30994K [0x00000000d5980000, 0x00000000d8400000, 0x0000000100000000)
  eden space 33280K, 77% used [0x00000000d5980000,0x00000000d72cbb20,0x00000000d7a00000)
  from space 5120K, 99% used [0x00000000d7a00000,0x00000000d7ef9080,0x00000000d7f00000)
  to   space 5120K, 0% used [0x00000000d7f00000,0x00000000d7f00000,0x00000000d8400000)
 ParOldGen       total 87552K, used 346K [0x0000000080c00000, 0x0000000086180000, 0x00000000d5980000)
  object space 87552K, 0% used [0x0000000080c00000,0x0000000080c56a48,0x0000000086180000)
 Metaspace       used 11474K, capacity 11714K, committed 11776K, reserved 1062912K
  class space    used 1453K, capacity 1514K, committed 1536K, reserved 1048576K
Event: 0.663 GC heap after
Heap after GC invocations=2 (full 0):
 PSYoungGen      total 38400K, used 5111K [0x00000000d5980000, 0x00000000d8400000, 0x0000000100000000)
  eden space 33280K, 0% used [0x00000000d5980000,0x00000000d5980000,0x00000000d7a00000)
  from space 5120K, 99% used [0x00000000d7f00000,0x00000000d83fde68,0x00000000d8400000)
  to   space 5120K, 0% used [0x00000000d7a00000,0x00000000d7a00000,0x00000000d7f00000)
 ParOldGen       total 87552K, used 1581K [0x0000000080c00000, 0x0000000086180000, 0x00000000d5980000)
  object space 87552K, 1% used [0x0000000080c00000,0x0000000080d8b4f0,0x0000000086180000)
 Metaspace       used 11474K, capacity 11714K, committed 11776K, reserved 1062912K
  class space    used 1453K, capacity 1514K, committed 1536K, reserved 1048576K
}
Event: 0.663 GC heap before
{Heap before GC invocations=3 (full 1):
 PSYoungGen      total 38400K, used 5111K [0x00000000d5980000, 0x00000000d8400000, 0x0000000100000000)
  eden space 33280K, 0% used [0x00000000d5980000,0x00000000d5980000,0x00000000d7a00000)
  from space 5120K, 99% used [0x00000000d7f00000,0x00000000d83fde68,0x00000000d8400000)
  to   space 5120K, 0% used [0x00000000d7a00000,0x00000000d7a00000,0x00000000d7f00000)
 ParOldGen       total 87552K, used 1581K [0x0000000080c00000, 0x0000000086180000, 0x00000000d5980000)
  object space 87552K, 1% used [0x0000000080c00000,0x0000000080d8b4f0,0x0000000086180000)
 Metaspace       used 11474K, capacity 11714K, committed 11776K, reserved 1062912K
  class space    used 1453K, capacity 1514K, committed 1536K, reserved 1048576K
Event: 0.676 GC heap after
Heap after GC invocations=3 (full 1):
 PSYoungGen      total 38400K, used 0K [0x00000000d5980000, 0x00000000d8400000, 0x0000000100000000)
  eden space 33280K, 0% used [0x00000000d5980000,0x00000000d5980000,0x00000000d7a00000)
  from space 5120K, 0% used [0x00000000d7f00000,0x00000000d7f00000,0x00000000d8400000)
  to   space 5120K, 0% used [0x00000000d7a00000,0x00000000d7a00000,0x00000000d7f00000)
 ParOldGen       total 59904K, used 6007K [0x0000000080c00000, 0x0000000084680000, 0x00000000d5980000)
  object space 59904K, 10% used [0x0000000080c00000,0x00000000811ddf98,0x0000000084680000)
 Metaspace       used 11474K, capacity 11714K, committed 11776K, reserved 1062912K
  class space    used 1453K, capacity 1514K, committed 1536K, reserved 1048576K
}

